[    0.000000] Linux version 4.15.0-162-generic (buildd@lcy01-amd64-007) (gcc version 7.5.0 (Ubuntu 7.5.0-3ubuntu1~18.04)) #170-Ubuntu SMP Mon Oct 18 11:38:05 UTC 2021 (Ubuntu 4.15.0-162.170-generic 4.15.18)
[    0.000000] Command line: BOOT_IMAGE=/boot/vmlinuz-4.15.0-162-generic root=LABEL=cloudimg-rootfs ro console=tty1 console=ttyS0
[    0.000000] KERNEL supported cpus:
[    0.000000]   Intel GenuineIntel
[    0.000000]   AMD AuthenticAMD
[    0.000000]   Centaur CentaurHauls
[    0.000000] [Firmware Bug]: TSC doesn't count with P0 frequency!
[    0.000000] x86/fpu: Supporting XSAVE feature 0x001: 'x87 floating point registers'
[    0.000000] x86/fpu: Supporting XSAVE feature 0x002: 'SSE registers'
[    0.000000] x86/fpu: Supporting XSAVE feature 0x004: 'AVX registers'
[    0.000000] x86/fpu: xstate_offset[2]:  576, xstate_sizes[2]:  256
[    0.000000] x86/fpu: Enabled xstate features 0x7, context size is 832 bytes, using 'standard' format.
[    0.000000] e820: BIOS-provided physical RAM map:
[    0.000000] BIOS-e820: [mem 0x0000000000000000-0x000000000009fbff] usable
[    0.000000] BIOS-e820: [mem 0x000000000009fc00-0x000000000009ffff] reserved
[    0.000000] BIOS-e820: [mem 0x00000000000f0000-0x00000000000fffff] reserved
[    0.000000] BIOS-e820: [mem 0x0000000000100000-0x000000003ffeffff] usable
[    0.000000] BIOS-e820: [mem 0x000000003fff0000-0x000000003fffffff] ACPI data
[    0.000000] BIOS-e820: [mem 0x00000000fec00000-0x00000000fec00fff] reserved
[    0.000000] BIOS-e820: [mem 0x00000000fee00000-0x00000000fee00fff] reserved
[    0.000000] BIOS-e820: [mem 0x00000000fffc0000-0x00000000ffffffff] reserved
[    0.000000] NX (Execute Disable) protection: active
[    0.000000] SMBIOS 2.5 present.
[    0.000000] DMI: innotek GmbH VirtualBox/VirtualBox, BIOS VirtualBox 12/01/2006
[    0.000000] Hypervisor detected: KVM
[    0.000000] e820: last_pfn = 0x3fff0 max_arch_pfn = 0x400000000
[    0.000000] MTRR: Disabled
[    0.000000] x86/PAT: MTRRs disabled, skipping PAT initialization too.
[    0.000000] CPU MTRRs all blank - virtualized system.
[    0.000000] x86/PAT: Configuration [0-7]: WB  WT  UC- UC  WB  WT  UC- UC  
[    0.000000] found SMP MP-table at [mem 0x0009fff0-0x0009ffff]
[    0.000000] Scanning 1 areas for low memory corruption
[    0.000000] RAMDISK: [mem 0x359cb000-0x36cdcfff]
[    0.000000] ACPI: Early table checksum verification disabled
[    0.000000] ACPI: RSDP 0x00000000000E0000 000024 (v02 VBOX  )
[    0.000000] ACPI: XSDT 0x000000003FFF0030 00003C (v01 VBOX   VBOXXSDT 00000001 ASL  00000061)
[    0.000000] ACPI: FACP 0x000000003FFF00F0 0000F4 (v04 VBOX   VBOXFACP 00000001 ASL  00000061)
[    0.000000] ACPI: DSDT 0x000000003FFF0470 002325 (v02 VBOX   VBOXBIOS 00000002 INTL 20100528)
[    0.000000] ACPI: FACS 0x000000003FFF0200 000040
[    0.000000] ACPI: FACS 0x000000003FFF0200 000040
[    0.000000] ACPI: APIC 0x000000003FFF0240 00005C (v02 VBOX   VBOXAPIC 00000001 ASL  00000061)
[    0.000000] ACPI: SSDT 0x000000003FFF02A0 0001CC (v01 VBOX   VBOXCPUT 00000002 INTL 20100528)
[    0.000000] ACPI: Reserving FACP table memory at [mem 0x3fff00f0-0x3fff01e3]
[    0.000000] ACPI: Reserving DSDT table memory at [mem 0x3fff0470-0x3fff2794]
[    0.000000] ACPI: Reserving FACS table memory at [mem 0x3fff0200-0x3fff023f]
[    0.000000] ACPI: Reserving FACS table memory at [mem 0x3fff0200-0x3fff023f]
[    0.000000] ACPI: Reserving APIC table memory at [mem 0x3fff0240-0x3fff029b]
[    0.000000] ACPI: Reserving SSDT table memory at [mem 0x3fff02a0-0x3fff046b]
[    0.000000] No NUMA configuration found
[    0.000000] Faking a node at [mem 0x0000000000000000-0x000000003ffeffff]
[    0.000000] NODE_DATA(0) allocated [mem 0x3ffc5000-0x3ffeffff]
[    0.000000] kvm-clock: cpu 0, msr 0:3ff44001, primary cpu clock
[    0.000000] kvm-clock: Using msrs 4b564d01 and 4b564d00
[    0.000000] kvm-clock: using sched offset of 3486706692 cycles
[    0.000000] clocksource: kvm-clock: mask: 0xffffffffffffffff max_cycles: 0x1cd42e4dffb, max_idle_ns: 881590591483 ns
[    0.000000] Zone ranges:
[    0.000000]   DMA      [mem 0x0000000000001000-0x0000000000ffffff]
[    0.000000]   DMA32    [mem 0x0000000001000000-0x000000003ffeffff]
[    0.000000]   Normal   empty
[    0.000000]   Device   empty
[    0.000000] Movable zone start for each node
[    0.000000] Early memory node ranges
[    0.000000]   node   0: [mem 0x0000000000001000-0x000000000009efff]
[    0.000000]   node   0: [mem 0x0000000000100000-0x000000003ffeffff]
[    0.000000] Reserved but unavailable: 104 pages
[    0.000000] Initmem setup node 0 [mem 0x0000000000001000-0x000000003ffeffff]
[    0.000000] ACPI: PM-Timer IO Port: 0x4008
[    0.000000] IOAPIC[0]: apic_id 2, version 32, address 0xfec00000, GSI 0-23
[    0.000000] ACPI: INT_SRC_OVR (bus 0 bus_irq 0 global_irq 2 dfl dfl)
[    0.000000] ACPI: INT_SRC_OVR (bus 0 bus_irq 9 global_irq 9 low level)
[    0.000000] Using ACPI (MADT) for SMP configuration information
[    0.000000] smpboot: Allowing 2 CPUs, 0 hotplug CPUs
[    0.000000] PM: Registered nosave memory: [mem 0x00000000-0x00000fff]
[    0.000000] PM: Registered nosave memory: [mem 0x0009f000-0x0009ffff]
[    0.000000] PM: Registered nosave memory: [mem 0x000a0000-0x000effff]
[    0.000000] PM: Registered nosave memory: [mem 0x000f0000-0x000fffff]
[    0.000000] e820: [mem 0x40000000-0xfebfffff] available for PCI devices
[    0.000000] Booting paravirtualized kernel on KVM
[    0.000000] clocksource: refined-jiffies: mask: 0xffffffff max_cycles: 0xffffffff, max_idle_ns: 7645519600211568 ns
[    0.000000] random: get_random_bytes called from start_kernel+0x99/0x500 with crng_init=0
[    0.000000] setup_percpu: NR_CPUS:8192 nr_cpumask_bits:2 nr_cpu_ids:2 nr_node_ids:1
[    0.000000] percpu: Embedded 45 pages/cpu s147456 r8192 d28672 u1048576
[    0.000000] PV qspinlock hash table entries: 256 (order: 0, 4096 bytes)
[    0.000000] Built 1 zonelists, mobility grouping on.  Total pages: 257913
[    0.000000] Policy zone: DMA32
[    0.000000] Kernel command line: BOOT_IMAGE=/boot/vmlinuz-4.15.0-162-generic root=LABEL=cloudimg-rootfs ro console=tty1 console=ttyS0
[    0.000000] Memory: 982708K/1048120K available (12300K kernel code, 2483K rwdata, 4320K rodata, 2448K init, 2724K bss, 65412K reserved, 0K cma-reserved)
[    0.000000] SLUB: HWalign=64, Order=0-3, MinObjects=0, CPUs=2, Nodes=1
[    0.000000] ftrace: allocating 39475 entries in 155 pages
[    0.004000] Hierarchical RCU implementation.
[    0.004000] 	RCU restricting CPUs from NR_CPUS=8192 to nr_cpu_ids=2.
[    0.004000] 	Tasks RCU enabled.
[    0.004000] RCU: Adjusting geometry for rcu_fanout_leaf=16, nr_cpu_ids=2
[    0.004000] NR_IRQS: 524544, nr_irqs: 440, preallocated irqs: 16
[    0.004000] Console: colour VGA+ 80x25
[    0.004000] console [tty1] enabled
[    0.004000] console [ttyS0] enabled
[    0.004000] ACPI: Core revision 20170831
[    0.004000] ACPI: 2 ACPI AML tables successfully acquired and loaded
[    0.004000] APIC: Switch to symmetric I/O mode setup
[    0.004000] x2apic enabled
[    0.004000] Switched APIC routing to physical x2apic.
[    0.004000] ..TIMER: vector=0x30 apic1=0 pin1=2 apic2=-1 pin2=-1
[    0.004000] tsc: Detected 1996.235 MHz processor
[    0.004000] Calibrating delay loop (skipped) preset value.. 3992.47 BogoMIPS (lpj=7984940)
[    0.004000] pid_max: default: 32768 minimum: 301
[    0.004000] Security Framework initialized
[    0.004000] Yama: becoming mindful.
[    0.004000] AppArmor: AppArmor initialized
[    0.004000] Dentry cache hash table entries: 131072 (order: 8, 1048576 bytes)
[    0.004000] Inode-cache hash table entries: 65536 (order: 7, 524288 bytes)
[    0.004000] Mount-cache hash table entries: 2048 (order: 2, 16384 bytes)
[    0.004000] Mountpoint-cache hash table entries: 2048 (order: 2, 16384 bytes)
[    0.004000] Last level iTLB entries: 4KB 1024, 2MB 1024, 4MB 512
[    0.004000] Last level dTLB entries: 4KB 1536, 2MB 1536, 4MB 768, 1GB 0
[    0.004000] Spectre V1 : Mitigation: usercopy/swapgs barriers and __user pointer sanitization
[    0.004000] Spectre V2 : Spectre mitigation: LFENCE not serializing, switching to generic retpoline
[    0.004000] Spectre V2 : Mitigation: Full generic retpoline
[    0.004000] Spectre V2 : Spectre v2 / SpectreRSB mitigation: Filling RSB on context switch
[    0.004000] Speculative Store Bypass: Mitigation: Speculative Store Bypass disabled via prctl and seccomp
[    0.004000] Freeing SMP alternatives memory: 36K
[    0.117063] APIC calibration not consistent with PM-Timer: 113ms instead of 100ms
[    0.118296] APIC delta adjusted to PM-Timer: 6451036 (7326003)
[    0.119301] smpboot: CPU0: AMD Ryzen 5 2500U with Radeon Vega Mobile Gfx (family: 0x17, model: 0x11, stepping: 0x0)
[    0.120000] Performance Events: PMU not available due to virtualization, using software events only.
[    0.120000] Hierarchical SRCU implementation.
[    0.120000] NMI watchdog: Perf event create on CPU 0 failed with -2
[    0.120000] NMI watchdog: Perf NMI watchdog permanently disabled
[    0.120000] smp: Bringing up secondary CPUs ...
[    0.120000] x86: Booting SMP configuration:
[    0.120000] .... node  #0, CPUs:      #1
[    0.004000] kvm-clock: cpu 1, msr 0:3ff44041, secondary cpu clock
[    0.124026] smp: Brought up 1 node, 2 CPUs
[    0.124878] smpboot: Max logical packages: 1
[    0.128005] smpboot: Total of 2 processors activated (7984.94 BogoMIPS)
[    0.129316] devtmpfs: initialized
[    0.129316] x86/mm: Memory block size: 128MB
[    0.129880] evm: security.selinux
[    0.132004] evm: security.SMACK64
[    0.132650] evm: security.SMACK64EXEC
[    0.133428] evm: security.SMACK64TRANSMUTE
[    0.134249] evm: security.SMACK64MMAP
[    0.134999] evm: security.apparmor
[    0.136008] evm: security.ima
[    0.136636] evm: security.capability
[    0.137401] clocksource: jiffies: mask: 0xffffffff max_cycles: 0xffffffff, max_idle_ns: 7645041785100000 ns
[    0.137526] futex hash table entries: 512 (order: 3, 32768 bytes)
[    0.140073] pinctrl core: initialized pinctrl subsystem
[    0.141453] RTC time: 21:56:22, date: 04/07/22
[    0.144277] NET: Registered protocol family 16
[    0.145306] audit: initializing netlink subsys (disabled)
[    0.148045] audit: type=2000 audit(1649368587.263:1): state=initialized audit_enabled=0 res=1
[    0.150041] cpuidle: using governor ladder
[    0.150041] cpuidle: using governor menu
[    0.152097] ACPI: bus type PCI registered
[    0.152097] acpiphp: ACPI Hot Plug PCI Controller Driver version: 0.5
[    0.153418] PCI: Using configuration type 1 for base access
[    0.154589] PCI: Using configuration type 1 for extended access
[    0.160043] HugeTLB registered 2.00 MiB page size, pre-allocated 0 pages
[    0.160098] ACPI: Added _OSI(Module Device)
[    0.160941] ACPI: Added _OSI(Processor Device)
[    0.161727] ACPI: Added _OSI(3.0 _SCP Extensions)
[    0.164003] ACPI: Added _OSI(Processor Aggregator Device)
[    0.164943] ACPI: Added _OSI(Linux-Dell-Video)
[    0.165761] ACPI: Added _OSI(Linux-Lenovo-NV-HDMI-Audio)
[    0.166685] ACPI: Added _OSI(Linux-HPI-Hybrid-Graphics)
[    0.168303] ACPI: Executed 1 blocks of module-level executable AML code
[    0.173430] ACPI: Interpreter enabled
[    0.174138] ACPI: (supports S0 S5)
[    0.174756] ACPI: Using IOAPIC for interrupt routing
[    0.176283] PCI: Using host bridge windows from ACPI; if necessary, use "pci=nocrs" and report a bug
[    0.177976] ACPI: Enabled 2 GPEs in block 00 to 07
[    0.185923] ACPI: PCI Root Bridge [PCI0] (domain 0000 [bus 00-ff])
[    0.187044] acpi PNP0A03:00: _OSC: OS supports [ExtendedConfig ASPM ClockPM Segments MSI]
[    0.189092] acpi PNP0A03:00: _OSC: platform does not support [PCIeCapability]
[    0.190852] acpi PNP0A03:00: _OSC: not requesting control; platform does not support [PCIeCapability]
[    0.192004] acpi PNP0A03:00: _OSC: OS requested [PCIeHotplug PME AER PCIeCapability]
[    0.193453] acpi PNP0A03:00: _OSC: platform willing to grant [PCIeHotplug PME AER]
[    0.196003] acpi PNP0A03:00: _OSC failed (AE_SUPPORT); disabling ASPM
[    0.197556] PCI host bridge to bus 0000:00
[    0.198289] pci_bus 0000:00: root bus resource [io  0x0000-0x0cf7 window]
[    0.200003] pci_bus 0000:00: root bus resource [io  0x0d00-0xffff window]
[    0.201114] pci_bus 0000:00: root bus resource [mem 0x000a0000-0x000bffff window]
[    0.202386] pci_bus 0000:00: root bus resource [mem 0x40000000-0xfdffffff window]
[    0.203655] pci_bus 0000:00: root bus resource [bus 00-ff]
[    0.206010] pci 0000:00:01.1: legacy IDE quirk: reg 0x10: [io  0x01f0-0x01f7]
[    0.207440] pci 0000:00:01.1: legacy IDE quirk: reg 0x14: [io  0x03f6]
[    0.208003] pci 0000:00:01.1: legacy IDE quirk: reg 0x18: [io  0x0170-0x0177]
[    0.209108] pci 0000:00:01.1: legacy IDE quirk: reg 0x1c: [io  0x0376]
[    0.225551] pci 0000:00:07.0: quirk: [io  0x4000-0x403f] claimed by PIIX4 ACPI
[    0.226831] pci 0000:00:07.0: quirk: [io  0x4100-0x410f] claimed by PIIX4 SMB
[    0.233612] ACPI: PCI Interrupt Link [LNKA] (IRQs 5 9 10 *11)
[    0.234955] ACPI: PCI Interrupt Link [LNKB] (IRQs 5 9 *10 11)
[    0.236019] ACPI: PCI Interrupt Link [LNKC] (IRQs 5 *9 10 11)
[    0.236969] ACPI: PCI Interrupt Link [LNKD] (IRQs 5 9 10 *11)
[    0.238073] SCSI subsystem initialized
[    0.238717] pci 0000:00:02.0: vgaarb: setting as boot VGA device
[    0.238717] pci 0000:00:02.0: vgaarb: VGA device added: decodes=io+mem,owns=io+mem,locks=none
[    0.240004] pci 0000:00:02.0: vgaarb: bridge control possible
[    0.241160] vgaarb: loaded
[    0.241727] ACPI: bus type USB registered
[    0.242497] usbcore: registered new interface driver usbfs
[    0.244010] usbcore: registered new interface driver hub
[    0.245010] usbcore: registered new device driver usb
[    0.246008] EDAC MC: Ver: 3.0.0
[    0.246008] PCI: Using ACPI for IRQ routing
[    0.246008] NetLabel: Initializing
[    0.248005] NetLabel:  domain hash size = 128
[    0.248667] NetLabel:  protocols = UNLABELED CIPSOv4 CALIPSO
[    0.249513] NetLabel:  unlabeled traffic allowed by default
[    0.250352] clocksource: Switched to clocksource kvm-clock
[    0.260064] VFS: Disk quotas dquot_6.6.0
[    0.260064] VFS: Dquot-cache hash table entries: 512 (order 0, 4096 bytes)
[    0.260064] AppArmor: AppArmor Filesystem Enabled
[    0.260064] pnp: PnP ACPI init
[    0.260064] pnp: PnP ACPI: found 3 devices
[    0.278111] clocksource: acpi_pm: mask: 0xffffff max_cycles: 0xffffff, max_idle_ns: 2085701024 ns
[    0.279968] NET: Registered protocol family 2
[    0.280399] IP idents hash table entries: 16384 (order: 5, 131072 bytes)
[    0.283049] TCP established hash table entries: 8192 (order: 4, 65536 bytes)
[    0.284282] TCP bind hash table entries: 8192 (order: 5, 131072 bytes)
[    0.285425] TCP: Hash tables configured (established 8192 bind 8192)
[    0.286532] UDP hash table entries: 512 (order: 2, 16384 bytes)
[    0.287547] UDP-Lite hash table entries: 512 (order: 2, 16384 bytes)
[    0.288657] NET: Registered protocol family 1
[    0.289396] pci 0000:00:00.0: Limiting direct PCI/PCI transfers
[    0.289396] pci 0000:00:01.0: Activating ISA DMA hang workarounds
[    0.289396] pci 0000:00:02.0: Video device with shadowed ROM at [mem 0x000c0000-0x000dffff]
[    0.289396] Unpacking initramfs...
[    0.544089] Freeing initrd memory: 19528K
[    0.544179] clocksource: tsc: mask: 0xffffffffffffffff max_cycles: 0x398c932b00f, max_idle_ns: 881590680322 ns
[    0.544179] platform rtc_cmos: registered platform RTC device (no PNP device found)
[    0.547303] Scanning for low memory corruption every 60 seconds
[    0.548770] Initialise system trusted keyrings
[    0.549491] Key type blacklist registered
[    0.550175] workingset: timestamp_bits=36 max_order=18 bucket_order=0
[    0.551883] zbud: loaded
[    0.552803] squashfs: version 4.0 (2009/01/31) Phillip Lougher
[    0.553852] fuse init (API version 7.26)
[    0.557836] Key type asymmetric registered
[    0.558673] Asymmetric key parser 'x509' registered
[    0.559680] Block layer SCSI generic (bsg) driver version 0.4 loaded (major 246)
[    0.561209] io scheduler noop registered
[    0.562007] io scheduler deadline registered
[    0.562979] io scheduler cfq registered (default)
[    0.564228] ACPI: AC Adapter [AC] (on-line)
[    0.565158] input: Power Button as /devices/LNXSYSTM:00/LNXPWRBN:00/input/input0
[    0.566560] ACPI: Power Button [PWRF]
[    0.567309] input: Sleep Button as /devices/LNXSYSTM:00/LNXSLPBN:00/input/input1
[    0.568690] ACPI: Sleep Button [SLPF]
[    0.570225] ACPI: Battery Slot [BAT0] (battery present)
[    0.571156] Serial: 8250/16550 driver, 32 ports, IRQ sharing enabled
[    0.592632] 00:02: ttyS0 at I/O 0x3f8 (irq = 4, base_baud = 115200) is a 16550A
[    0.597258] Linux agpgart interface v0.103
[    0.599706] loop: module loaded
[    0.600730] scsi host0: ata_piix
[    0.601739] scsi host1: ata_piix
[    0.602254] ata1: PATA max UDMA/33 cmd 0x1f0 ctl 0x3f6 bmdma 0xd000 irq 14
[    0.603127] ata2: PATA max UDMA/33 cmd 0x170 ctl 0x376 bmdma 0xd008 irq 15
[    0.604088] libphy: Fixed MDIO Bus: probed
[    0.604713] tun: Universal TUN/TAP device driver, 1.6
[    0.605481] PPP generic driver version 2.4.2
[    0.606190] ehci_hcd: USB 2.0 'Enhanced' Host Controller (EHCI) Driver
[    0.607043] ehci-pci: EHCI PCI platform driver
[    0.607947] ehci-platform: EHCI generic platform driver
[    0.608705] ohci_hcd: USB 1.1 'Open' Host Controller (OHCI) Driver
[    0.609539] ohci-pci: OHCI PCI platform driver
[    0.610181] ohci-platform: OHCI generic platform driver
[    0.610894] uhci_hcd: USB Universal Host Controller Interface driver
[    0.611751] i8042: PNP: PS/2 Controller [PNP0303:PS2K,PNP0f03:PS2M] at 0x60,0x64 irq 1,12
[    0.613596] serio: i8042 KBD port at 0x60,0x64 irq 1
[    0.614662] serio: i8042 AUX port at 0x60,0x64 irq 12
[    0.615853] mousedev: PS/2 mouse device common for all mice
[    0.617630] input: AT Translated Set 2 keyboard as /devices/platform/i8042/serio0/input/input2
[    0.618818] rtc_cmos rtc_cmos: rtc core: registered rtc_cmos as rtc0
[    0.619850] rtc_cmos rtc_cmos: alarms up to one day, 114 bytes nvram
[    0.620664] i2c /dev entries driver
[    0.621211] device-mapper: uevent: version 1.0.3
[    0.621933] device-mapper: ioctl: 4.37.0-ioctl (2017-09-20) initialised: dm-devel@redhat.com
[    0.623109] ledtrig-cpu: registered to indicate activity on CPUs
[    0.624427] NET: Registered protocol family 10
[    0.628678] Segment Routing with IPv6
[    0.629509] NET: Registered protocol family 17
[    0.630478] Key type dns_resolver registered
[    0.631274] mce: Using 0 MCE banks
[    0.631774] RAS: Correctable Errors collector initialized.
[    0.632568] sched_clock: Marking stable (632535785, 0)->(792253269, -159717484)
[    0.633961] registered taskstats version 1
[    0.634549] Loading compiled-in X.509 certificates
[    0.637208] Loaded X.509 cert 'Build time autogenerated kernel key: ebed311aedd59d9a851620769f4a146e4e1d43c6'
[    0.639118] Loaded X.509 cert 'Canonical Ltd. Live Patch Signing: 14df34d1a87cf37625abec039ef2bf521249b969'
[    0.640876] Loaded X.509 cert 'Canonical Ltd. Kernel Module Signing: 88f752e560a1e0737e31163a466ad7b70a850c19'
[    0.642182] zswap: loaded using pool lzo/zbud
[    0.646168] Key type big_key registered
[    0.646778] Key type trusted registered
[    0.648877] Key type encrypted registered
[    0.649465] AppArmor: AppArmor sha1 policy hashing enabled
[    0.650186] ima: No TPM chip found, activating TPM-bypass! (rc=-19)
[    0.651030] ima: Allocated hash algorithm: sha1
[    0.651666] evm: HMAC attrs: 0x1
[    0.652422]   Magic number: 2:632:954
[    0.652995] memory memory7: hash matches
[    0.653599] rtc_cmos rtc_cmos: setting system clock to 2022-04-07 21:56:23 UTC (1649368583)
[    0.654857] BIOS EDD facility v0.16 2004-Jun-25, 0 devices found
[    0.656027] EDD information not available.
[    0.788960] Freeing unused kernel image memory: 2448K
[    1.438878] Write protecting the kernel read-only data: 20480k
[    1.441868] Freeing unused kernel image memory: 2008K
[    1.443977] Freeing unused kernel image memory: 1824K
[    1.457719] x86/mm: Checked W+X mappings: passed, no W+X pages found.
Loading, please wait...
starting version 237
[    1.522443] e1000: Intel(R) PRO/1000 Network Driver - version 7.3.21-k8-NAPI
[    1.524240] e1000: Copyright (c) 1999-2006 Intel Corporation.
[    1.525892] Fusion MPT base driver 3.04.20
[    1.526913] Copyright (c) 1999-2008 LSI Corporation
[    1.532179] Fusion MPT SPI Host driver 3.04.20
[    1.545066] AVX2 version of gcm_enc/dec engaged.
[    1.545800] AES CTR mode by8 optimization enabled
[    1.737981] input: ImExPS/2 Generic Explorer Mouse as /devices/platform/i8042/serio1/input/input4
[    1.890366] e1000 0000:00:03.0 eth0: (PCI:33MHz:32-bit) 02:cd:4e:4c:89:5b
[    1.891826] e1000 0000:00:03.0 eth0: Intel(R) PRO/1000 Network Connection
[    1.894460] mptbase: ioc0: Initiating bringup
[    1.894973] e1000 0000:00:03.0 enp0s3: renamed from eth0
[    2.625594] ioc0: LSI53C1030 A0: Capabilities={Initiator}
[    4.344129] scsi host2: ioc0: LSI53C1030 A0, FwRev=00000000h, Ports=1, MaxQ=256, IRQ=20
[    4.512985] scsi 2:0:0:0: Direct-Access     VBOX     HARDDISK         1.0  PQ: 0 ANSI: 5
[    4.544878] scsi target2:0:0: Beginning Domain Validation
[    4.551014] scsi target2:0:0: Domain Validation skipping write tests
[    4.552825] scsi target2:0:0: Ending Domain Validation
[    4.554438] scsi target2:0:0: asynchronous
[    4.557191] scsi 2:0:1:0: Direct-Access     VBOX     HARDDISK         1.0  PQ: 0 ANSI: 5
[    4.588757] scsi target2:0:1: Beginning Domain Validation
[    4.592956] scsi target2:0:1: Domain Validation skipping write tests
[    4.594088] scsi target2:0:1: Ending Domain Validation
[    4.595194] random: fast init done
[    4.595227] scsi target2:0:1: asynchronous
[    4.603651] random: systemd-udevd: uninitialized urandom read (16 bytes read)
[    4.603715] sd 2:0:0:0: Attached scsi generic sg0 type 0
[    4.604884] random: systemd-udevd: uninitialized urandom read (16 bytes read)
[    4.605894] sd 2:0:1:0: Attached scsi generic sg1 type 0
[    4.606893] random: systemd-udevd: uninitialized urandom read (16 bytes read)
[    4.608311] sd 2:0:0:0: [sda] 83886080 512-byte logical blocks: (42.9 GB/40.0 GiB)
[    4.610468] sd 2:0:0:0: [sda] Write Protect is off
[    4.611523] sd 2:0:1:0: [sdb] 20480 512-byte logical blocks: (10.5 MB/10.0 MiB)
[    4.611612] sd 2:0:0:0: [sda] Incomplete mode parameter data
[    4.613821] sd 2:0:0:0: [sda] Assuming drive cache: write through
[    4.613858] sd 2:0:1:0: [sdb] Write Protect is off
[    4.616195] sd 2:0:1:0: [sdb] Incomplete mode parameter data
[    4.616327]  sda: sda1
[    4.617165] sd 2:0:1:0: [sdb] Assuming drive cache: write through
[    4.618823] sd 2:0:0:0: [sda] Attached SCSI disk
[    4.622784] sd 2:0:1:0: [sdb] Attached SCSI disk
Begin: Loading essential drivers ... [    6.097263] raid6: sse2x1   gen()  5449 MB/s
[    6.144279] raid6: sse2x1   xor()  6975 MB/s
[    6.193257] raid6: sse2x2   gen() 15383 MB/s
[    6.241262] raid6: sse2x2   xor()  9806 MB/s
[    6.289259] raid6: sse2x4   gen() 15840 MB/s
[    6.336286] raid6: sse2x4   xor()  8559 MB/s
[    6.384479] raid6: avx2x1   gen() 16312 MB/s
[    6.433268] raid6: avx2x1   xor() 12166 MB/s
[    6.480268] raid6: avx2x2   gen() 21585 MB/s
[    6.529254] raid6: avx2x2   xor() 13859 MB/s
[    6.577262] raid6: avx2x4   gen() 22938 MB/s
[    6.624287] raid6: avx2x4   xor() 12098 MB/s
[    6.625023] raid6: using algorithm avx2x4 gen() 22938 MB/s
[    6.625764] raid6: .... xor() 12098 MB/s, rmw enabled
[    6.626488] raid6: using avx2x2 recovery algorithm
[    6.629254] xor: automatically using best checksumming function   avx       
[    6.631997] async_tx: api initialized (async)
done.
Begin: Running /scripts/init-premount ... done.
Begin: Mounting root file system ... Begin: Running /scripts/local-top ... done.
Begin: Running /scripts/local-premount ... [    6.677564] Btrfs loaded, crc32c=crc32c-intel
Scanning for Btrfs filesystems
done.
Warning: fsck not present, so skipping root file system
[    6.708918] EXT4-fs (sda1): mounted filesystem with ordered data mode. Opts: (null)
done.
Begin: Running /scripts/local-bottom ... done.
Begin: Running /scripts/init-bottom ... done.
[    6.897799] ip_tables: (C) 2000-2006 Netfilter Core Team
[    6.910205] systemd[1]: systemd 237 running in system mode. (+PAM +AUDIT +SELINUX +IMA +APPARMOR +SMACK +SYSVINIT +UTMP +LIBCRYPTSETUP +GCRYPT +GNUTLS +ACL +XZ +LZ4 +SECCOMP +BLKID +ELFUTILS +KMOD -IDN2 +IDN -PCRE2 default-hierarchy=hybrid)
[    6.914090] systemd[1]: Detected virtualization oracle.
[    6.915004] systemd[1]: Detected architecture x86-64.

Welcome to [1mUbuntu 18.04.6 LTS[0m!

[    6.923549] systemd[1]: Set hostname to <ubuntu>.
[    6.929351] systemd[1]: Initializing machine ID from random generator.
[    6.930935] systemd[1]: Installed transient /etc/machine-id file.
[    7.284066] systemd[1]: Set up automount Arbitrary Executable File Formats File System Automount Point.
[[0;32m  OK  [0m] Set up automount Arbitrary Executab…rmats File System Automount Point.
[    7.286703] systemd[1]: Reached target System Time Synchronized.
[[0;32m  OK  [0m] Reached target System Time Synchronized.
[    7.305244] systemd[1]: Created slice User and Session Slice.
[[0;32m  OK  [0m] Created slice User and Session Slice.
[    7.307853] systemd[1]: Reached target Swap.
[[0;32m  OK  [0m] Reached target Swap.
[[0;32m  OK  [0m] Reached target User and Group Name Lookups.
[[0;32m  OK  [0m] Started Forward Password Requests to Wall Directory Watch.
[[0;32m  OK  [0m] Created slice System Slice.
[[0;32m  OK  [0m] Listening on LVM2 metadata daemon socket.
[[0;32m  OK  [0m] Created slice system-serial\x2dgetty.slice.
[[0;32m  OK  [0m] Listening on LVM2 poll daemon socket.
[[0;32m  OK  [0m] Listening on Device-mapper event daemon FIFOs.
[[0;32m  OK  [0m] Listening on udev Kernel Socket.
[[0;32m  OK  [0m] Listening on Journal Audit Socket.
[[0;32m  OK  [0m] Listening on fsck to fsckd communication Socket.
[[0;32m  OK  [0m] Listening on /dev/initctl Compatibility Named Pipe.
[[0;32m  OK  [0m] Listening on Journal Socket.
         Starting Set the console keyboard layout...
         Mounting POSIX Message Queue File System...
         Starting Monitoring of LVM2 mirrors…ng dmeventd or progress polling...
         Starting Load Kernel Modules...
         Mounting Huge Pages File System...
[[0;32m  OK  [0m] Listening on Network Service Netlink Socket.
[[0;32m  OK  [0m] Reached target Slices.
[[0;32m  OK  [0m] Listening on Journal Socket (/dev/log).
         Starting File System Check on Root Device...
[[0;32m  OK  [0m] Listening on udev Control Socket.
         Starting udev Coldplug all Devices...
[    7.396332] Loading iSCSI transport class v2.0-870.
         Starting Uncomplicated firewall...
         Mounting Kernel Debug File System...
[[0;32m  OK  [0m] Listening on Syslog Socket.
         Starting Journal Service...
         Starting Create list of required st…ce nodes for the current kernel...
[    7.406880] iscsi: registered transport (tcp)
[[0;32m  OK  [0m] Mounted POSIX Message Queue File System.
[[0;32m  OK  [0m] Mounted Huge Pages File System.
[[0;32m  OK  [0m] Mounted Kernel Debug File System.
[[0;32m  OK  [0m] Started LVM2 metadata daemon.
[    7.429611] iscsi: registered transport (iser)
[[0;32m  OK  [0m] Started Load Kernel Modules.
         Mounting FUSE Control File System...
         Mounting Kernel Configuration File System...
         Starting Apply Kernel Variables...
[[0;32m  OK  [0m] Mounted FUSE Control File System.
[[0;32m  OK  [0m] Mounted Kernel Configuration File System.
[[0;32m  OK  [0m] Started File System Check Daemon to report status.
[[0;32m  OK  [0m] Started Uncomplicated firewall.
[[0;32m  OK  [0m] Started Create list of required sta…vice nodes for the current kernel.
         Starting Create Static Device Nodes in /dev...
[[0;32m  OK  [0m] Started Journal Service.
[[0;32m  OK  [0m] Started udev Coldplug all Devices.
[[0;32m  OK  [0m] Started Create Static Device Nodes in /dev.
[[0;32m  OK  [0m] Started Monitoring of LVM2 mirrors,…sing dmeventd or progress polling.
[[0;32m  OK  [0m] Started Apply Kernel Variables.
[[0;32m  OK  [0m] Started File System Check on Root Device.
         Starting Remount Root and Kernel File Systems...
[[0;32m  OK  [0m] Started Remount Root and Kernel File Systems.
         Starting udev Kernel Device Manager...
         Starting Flush Journal to Persistent Storage...
         Starting Load/Save Random Seed...
[[0;32m  OK  [0m] Started Set the console keyboard layout.
[[0;32m  OK  [0m] Reached target Local File Systems (Pre).
[[0;32m  OK  [0m] Reached target Local File Systems.
         Starting AppArmor initialization...
         Starting Set console font and keymap...
         Starting Commit a transient machine-id on disk...
         Starting Tell Plymouth To Write Out Runtime Data...
         Starting ebtables ruleset management...
[[0;32m  OK  [0m] Started udev Kernel Device Manager.
[[0;32m  OK  [0m] Started Dispatch Password Requests to Console Directory Watch.
[[0;32m  OK  [0m] Reached target Local Encrypted Volumes.
[[0;32m  OK  [0m] Started Load/Save Random Seed.
[[0;32m  OK  [0m] Started Set console font and keymap.
[[0;32m  OK  [0m] Started Tell Plymouth To Write Out Runtime Data.
[[0;32m  OK  [0m] Started Flush Journal to Persistent Storage.
         Starting Create Volatile Files and Directories...
[[0;32m  OK  [0m] Started Commit a transient machine-id on disk.
[[0;32m  OK  [0m] Started ebtables ruleset management.
[[0;32m  OK  [0m] Started Create Volatile Files and Directories.
         Starting Update UTMP about System Boot/Shutdown...
[[0;32m  OK  [0m] Started Update UTMP about System Boot/Shutdown.
[[0;32m  OK  [0m] Found device /dev/ttyS0.
[[0;32m  OK  [0m] Listening on Load/Save RF Kill Switch Status /dev/rfkill Watch.
[[0;32m  OK  [0m] Started AppArmor initialization.
         Starting Initial cloud-init job (pre-networking)...
         Starting Load AppArmor profiles managed internally by snapd...
[[0;32m  OK  [0m] Started Load AppArmor profiles managed internally by snapd.
[    9.959039] cloud-init[587]: Cloud-init v. 21.3-1-g6803368d-0ubuntu1~18.04.4 running 'init-local' at Thu, 07 Apr 2022 21:56:32 +0000. Up 9.61 seconds.
[[0;32m  OK  [0m] Started Initial cloud-init job (pre-networking).
[[0;32m  OK  [0m] Reached target Network (Pre).
         Starting Network Service...
[[0;32m  OK  [0m] Started Network Service.
         Starting Network Name Resolution...
         Starting Wait for Network to be Configured...
[[0;32m  OK  [0m] Started Network Name Resolution.
[[0;32m  OK  [0m] Reached target Host and Network Name Lookups.
[[0;32m  OK  [0m] Reached target Network.
[[0;32m  OK  [0m] Started Wait for Network to be Configured.
         Starting Initial cloud-init job (metadata service crawler)...
[   12.087236] cloud-init[697]: Cloud-init v. 21.3-1-g6803368d-0ubuntu1~18.04.4 running 'init' at Thu, 07 Apr 2022 21:56:34 +0000. Up 11.94 seconds.
[   12.101681] cloud-init[697]: ci-info: ++++++++++++++++++++++++++++++++++++++Net device info++++++++++++++++++++++++++++++++++++++
[   12.102913] cloud-init[697]: ci-info: +--------+------+----------------------------+---------------+--------+-------------------+
[   12.103983] cloud-init[697]: ci-info: | Device |  Up  |          Address           |      Mask     | Scope  |     Hw-Address    |
[   12.105211] cloud-init[697]: ci-info: +--------+------+----------------------------+---------------+--------+-------------------+
[   12.106733] cloud-init[697]: ci-info: | enp0s3 | True |         10.0.2.15          | 255.255.255.0 | global | 02:cd:4e:4c:89:5b |
[   12.108569] cloud-init[697]: ci-info: | enp0s3 | True | fe80::cd:4eff:fe4c:895b/64 |       .       |  link  | 02:cd:4e:4c:89:5b |
[   12.110075] cloud-init[697]: ci-info: |   lo   | True |         127.0.0.1          |   255.0.0.0   |  host  |         .         |
[   12.111464] cloud-init[697]: ci-info: |   lo   | True |          ::1/128           |       .       |  host  |         .         |
[   12.112853] cloud-init[697]: ci-info: +--------+------+----------------------------+---------------+--------+-------------------+
[   12.114623] cloud-init[697]: ci-info: ++++++++++++++++++++++++++++Route IPv4 info+++++++++++++++++++++++++++++
[   12.115969] cloud-init[697]: ci-info: +-------+-------------+----------+-----------------+-----------+-------+
[   12.117197] cloud-init[697]: ci-info: | Route | Destination | Gateway  |     Genmask     | Interface | Flags |
[   12.118675] cloud-init[697]: ci-info: +-------+-------------+----------+-----------------+-----------+-------+
[   12.120198] cloud-init[697]: ci-info: |   0   |   0.0.0.0   | 10.0.2.2 |     0.0.0.0     |   enp0s3  |   UG  |
[   12.122086] cloud-init[697]: ci-info: |   1   |   10.0.2.0  | 0.0.0.0  |  255.255.255.0  |   enp0s3  |   U   |
[   12.123599] cloud-init[697]: ci-info: |   2   |   10.0.2.2  | 0.0.0.0  | 255.255.255.255 |   enp0s3  |   UH  |
[   12.125206] cloud-init[697]: ci-info: +-------+-------------+----------+-----------------+-----------+-------+
[   12.126725] cloud-init[697]: ci-info: +++++++++++++++++++Route IPv6 info+++++++++++++++++++
[   12.128062] cloud-init[697]: ci-info: +-------+-------------+---------+-----------+-------+
[   12.129552] cloud-init[697]: ci-info: | Route | Destination | Gateway | Interface | Flags |
[   12.130708] cloud-init[697]: ci-info: +-------+-------------+---------+-----------+-------+
[   12.131996] cloud-init[697]: ci-info: |   1   |  fe80::/64  |    ::   |   enp0s3  |   U   |
[   12.133544] cloud-init[697]: ci-info: |   3   |    local    |    ::   |   enp0s3  |   U   |
[   12.134865] cloud-init[697]: ci-info: |   4   |   ff00::/8  |    ::   |   enp0s3  |   U   |
[   12.136222] cloud-init[697]: ci-info: +-------+-------------+---------+-----------+-------+
[   12.889969] cloud-init[697]: Generating public/private rsa key pair.
[   12.891383] cloud-init[697]: Your identification has been saved in /etc/ssh/ssh_host_rsa_key.
[   12.892788] cloud-init[697]: Your public key has been saved in /etc/ssh/ssh_host_rsa_key.pub.
[   12.904282] cloud-init[697]: The key fingerprint is:
[   12.905492] cloud-init[697]: SHA256:hr5FkcRpRWHRyKq0STES9oMnbjGsF/nvcpES5+/vl+Y root@ubuntu-bionic
[   12.906834] cloud-init[697]: The key's randomart image is:
[   12.907738] cloud-init[697]: +---[RSA 2048]----+
[   12.908552] cloud-init[697]: |    o. ..=*=     |
[   12.909249] cloud-init[697]: |   o.+o.+oo .    |
[   12.920589] cloud-init[697]: |    O.++o.       |
[   12.921634] cloud-init[697]: |   o B+oo.       |
[   12.922746] cloud-init[697]: |  . +ooBS.       |
[   12.923709] cloud-init[697]: |   o .=++        |
[   12.924434] cloud-init[697]: |      ..oo     . |
[   12.925139] cloud-init[697]: |      .+. .   +  |
[   12.925829] cloud-init[697]: |      .o...oo+E  |
[   12.926511] cloud-init[697]: +----[SHA256]-----+
[   12.927236] cloud-init[697]: Generating public/private dsa key pair.
[   12.928240] cloud-init[697]: Your identification has been saved in /etc/ssh/ssh_host_dsa_key.
[   12.929379] cloud-init[697]: Your public key has been saved in /etc/ssh/ssh_host_dsa_key.pub.
[   12.930473] cloud-init[697]: The key fingerprint is:
[   12.931230] cloud-init[697]: SHA256:dq+vRYQS0Q80ATrGuY9kb/o4Yq3cgMrKgGyyCpN4+Go root@ubuntu-bionic
[   12.932087] cloud-init[697]: The key's randomart image is:
[   12.933609] cloud-init[697]: +---[DSA 1024]----+
[   12.934569] cloud-init[697]: |        +=+.     |
[   12.935489] cloud-init[697]: |     . o .oo     |
[   12.936331] cloud-init[697]: |      * . .o.    |
[   12.937109] cloud-init[697]: |     . o . ..    |
[   12.938057] cloud-init[697]: |      + S . .    |
[   12.938879] cloud-init[697]: |+o . o = . o     |
[   12.939795] cloud-init[697]: |Xoo ... +   o    |
[   12.941015] cloud-init[697]: |BE .ooo+   o     |
[   12.942206] cloud-init[697]: |X+..oo+o. oo.    |
[   12.943301] cloud-init[697]: +----[SHA256]-----+
[   12.943972] cloud-init[697]: Generating public/private ecdsa key pair.
[   12.944843] cloud-init[697]: Your identification has been saved in /etc/ssh/ssh_host_ecdsa_key.
[   12.946065] cloud-init[697]: Your public key has been saved in /etc/ssh/ssh_host_ecdsa_key.pub.
[   12.947063] cloud-init[697]: The key fingerprint is:
[   12.947677] cloud-init[697]: SHA256:IFqRUSqtTg8cqntVJ2WTpkUFWYE5rjg4gma5d+ENlac root@ubuntu-bionic
[   12.948887] cloud-init[697]: The key's randomart image is:
[   12.949748] cloud-init[697]: +---[ECDSA 256]---+
[   12.950507] cloud-init[697]: |    o+..oO+.     |
[   12.951108] cloud-init[697]: |   ..o  %        |
[   12.951715] cloud-init[697]: |  o = .B.o       |
[   12.952411] cloud-init[697]: | o * .++o.       |
[   12.953062] cloud-init[697]: |o B. o.+S        |
[   12.953767] cloud-init[697]: |+*oo+o.E         |
[   12.954588] cloud-init[697]: |+.ooo.+          |
[   12.955380] cloud-init[697]: | o.. o .         |
[   12.956047] cloud-init[697]: |... .            |
[   12.956803] cloud-init[697]: +----[SHA256]-----+
[   12.957384] cloud-init[697]: Generating public/private ed25519 key pair.
[   12.958480] cloud-init[697]: Your identification has been saved in /etc/ssh/ssh_host_ed25519_key.
[   12.960245] cloud-init[697]: Your public key has been saved in /etc/ssh/ssh_host_ed25519_key.pub.
[   12.961410] cloud-init[697]: The key fingerprint is:
[   12.962782] cloud-init[697]: SHA256:OzKQHSAAwLxbkqj0moccJ/LNTCLkQAvbNd/sKOaCsvc root@ubuntu-bionic
[   12.964081] cloud-init[697]: The key's randomart image is:[[0;32m  OK  [0m] Started Initial cloud-init job (metadata service crawler).
[[0;32m  OK  [0m] Reached target System Initialization.
[[0;32m  OK  [0m] Started Discard unused blocks once a week.
[[0;32m  OK  [0m] Started Message of the Day.
[[0;32m  OK  [0m] Listening on D-Bus System Message Bus Socket.
[[0;32m  OK  [0m] Listening on cloud-init hotplug hook socket.
[[0;32m  OK  [0m] Listening on ACPID Listen Socket.

[   12.969640] cloud-init[697]: +--[ED25519 256]--+[[0;32m  OK  [0m] Started ACPI Events Check.

[[0;32m  OK  [0m] Started Ubuntu Advantage Timer for running repeated jobs.
[[0;32m  OK  [0m] Started Daily apt download activities.
[[0;32m  OK  [0m] Started Daily apt upgrade and clean activities.
[   12.972006] cloud-init         Starting Socket activation for snappy daemon.
[697]: [[0;32m  OK  [0m] Started Trigger to poll for Ubuntu …(Only enabled on GCP LTS non-pro).
[[0;32m  OK  [0m] Reached target Paths.
[[0;32m  OK  [0m] Started Daily Cleanup of Temporary Directories.
[[0;32m  OK  [0m] Reached target Timers.
[[0;32m  OK  [0m] Listening on UUID daemon activation socket.
[[0;32m  OK  [0m] Listening on Open-iSCSI iscsid Socket.|O.. .            |
[   12.977470] cloud-init[697]: |.+ .o.           |

[   12.978646] cloud-init[697]: |+o+. o.o         |
         Starting LXD - unix socket.
[[0;32m  OK  [0m] Reached target Network is Online.
[   12.980316] cloud-init[697]: |+B.. o..o        |
[   12.984376]          Starting Availability of block devices...
[[0;32m  OK  [0m] Reached target Remote File Systems (Pre).
[[0;32m  OK  [0m] Reached target Remote File Systems.
[[0;32m  OK  [0m] Reached target Cloud-config availability.
[[0;32m  OK  [0m] Listening on Socket activation for snappy daemon.
[[0;32m  OK  [0m] Listening on LXD - unix socket.
[[0;32m  OK  [0m] Reached target Sockets.
[[0;32m  OK  [0m] Reached target Basic System.
cloud-init[697]: |* = o .oS        |
[   12.989104] cloud-init[697]: |+=.o+.. ..       |
[   12.990012] cloud-init[697]: |o+BO .o o        |
[   12.991396] cloud-init[697]: |o=+.=  o .       |
[   12.991953] cloud-init         Starting Login Service...
         Starting Accounts Service...
[697]: |oo.oE            |
[   12.995957] cloud-init[697]: +----[SHA256]-----+[[0;32m  OK  [0m] Started Regular background program processing daemon.

         Starting LXD - container startup/shutdown...
         Starting Pollinate to seed the pseudo random number generator...
[[0;32m  OK  [0m] Started irqbalance daemon.
[[0;32m  OK  [0m] Started Deferred execution scheduler.
         Starting LSB: Record successful boot for GRUB...
         Starting Permit User Sessions...
         Starting System Logging Service...
         Starting Dispatcher daemon for systemd-networkd...
         Starting Virtualbox guest utils...
[[0;32m  OK  [0m] Started D-Bus System Message Bus.
[[0;32m  OK  [0m] Started Login Service.
[[0;32m  OK  [0m] Started Unattended Upgrades Shutdown.
[[0;32m  OK  [0m] Started FUSE filesystem for LXC.
         Starting LSB: automatic crash report generation...
         Starting Snap Daemon...
[[0;32m  OK  [0m] Started System Logging Service.
[[0;32m  OK  [0m] Started Availability of block devices.
[[0;32m  OK  [0m] Started Permit User Sessions.
         Starting Hold until boot process finishes up...
         Starting Terminate Plymouth Boot Screen...
[[0;32m  OK  [0m] Started Hold until boot process finishes up.
[[0;32m  OK  [0m] Started Serial Getty on ttyS0.
         Starting Set console scheme...
[[0;32m  OK  [0m] Started Terminate Plymouth Boot Screen.
         Starting Authorization Manager...
[[0;32m  OK  [0m] Started LSB: automatic crash report generation.
[[0;32m  OK  [0m] Started Set console scheme.
[[0;32m  OK  [0m] Created slice system-getty.slice.
[[0;32m  OK  [0m] Started Getty on tty1.
[[0;32m  OK  [0m] Reached target Login Prompts.
[[0;32m  OK  [0m] Started Authorization Manager.
[[0;32m  OK  [0m] Started Accounts Service.
[[0;32m  OK  [0m] Started Virtualbox guest utils.
[[0;32m  OK  [0m] Started LSB: Record successful boot for GRUB.
[[0;32m  OK  [0m] Started LXD - container startup/shutdown.
[[0;32m  OK  [0m] Started Dispatcher daemon for systemd-networkd.
[[0;32m  OK  [0m] Started Snap Daemon.
         Starting Wait until snapd is fully seeded...
[[0;32m  OK  [0m] Started Pollinate to seed the pseudo random number generator.
         Starting OpenBSD Secure Shell server...
[[0;32m  OK  [0m] Started OpenBSD Secure Shell server.
[[0;32m  OK  [0m] Created slice User Slice of vagrant.
         Starting User Manager for UID 1000...
[[0;32m  OK  [0m] Started Session 1 of user vagrant.
[[0;32m  OK  [0m] Started User Manager for UID 1000.
[[0;32m  OK  [0m] Started Wait until snapd is fully seeded.
[[0;32m  OK  [0m] Reached target Multi-User System.
[[0;32m  OK  [0m] Reached target Graphical Interface.
         Starting Update UTMP about System Runlevel Changes...
         Starting Apply the settings specified in cloud-config...
[[0;32m  OK  [0m] Started Update UTMP about System Runlevel Changes.

Ubuntu 18.04.6 LTS ubuntu-bionic ttyS0

ubuntu-bionic login: [   19.438535] cloud-init[1369]: Cloud-init v. 21.3-1-g6803368d-0ubuntu1~18.04.4 running 'modules:config' at Thu, 07 Apr 2022 21:56:41 +0000. Up 18.97 seconds.
ci-info: no authorized SSH keys fingerprints found for user ubuntu.
<14>Apr  7 21:56:42 cloud-init: #############################################################
<14>Apr  7 21:56:42 cloud-init: -----BEGIN SSH HOST KEY FINGERPRINTS-----
<14>Apr  7 21:56:42 cloud-init: 1024 SHA256:dq+vRYQS0Q80ATrGuY9kb/o4Yq3cgMrKgGyyCpN4+Go root@ubuntu-bionic (DSA)
<14>Apr  7 21:56:42 cloud-init: 256 SHA256:IFqRUSqtTg8cqntVJ2WTpkUFWYE5rjg4gma5d+ENlac root@ubuntu-bionic (ECDSA)
<14>Apr  7 21:56:42 cloud-init: 256 SHA256:OzKQHSAAwLxbkqj0moccJ/LNTCLkQAvbNd/sKOaCsvc root@ubuntu-bionic (ED25519)
<14>Apr  7 21:56:42 cloud-init: 2048 SHA256:hr5FkcRpRWHRyKq0STES9oMnbjGsF/nvcpES5+/vl+Y root@ubuntu-bionic (RSA)
<14>Apr  7 21:56:42 cloud-init: -----END SSH HOST KEY FINGERPRINTS-----
<14>Apr  7 21:56:42 cloud-init: #############################################################
-----BEGIN SSH HOST KEY KEYS-----
ecdsa-sha2-nistp256 AAAAE2VjZHNhLXNoYTItbmlzdHAyNTYAAAAIbmlzdHAyNTYAAABBBFLxaAryYZUx+xqJY1o7LKozqiHEoBAnHlIZpYehw9EWvLFB3soo0rrSMygRUid+U8RafajMBtdQLIrJBhiGJAM= root@ubuntu-bionic
ssh-ed25519 AAAAC3NzaC1lZDI1NTE5AAAAIOPX3cjRpNyvXzDNTe2hNidvgEgaYsEJr77KuN1sojTO root@ubuntu-bionic
ssh-rsa AAAAB3NzaC1yc2EAAAADAQABAAABAQC2iFVvwuynwyUOXIFCdiZdb6Z2WoTzpSE7G1YqWfI0ecYH5T1wx28NBXyiue8FDraHUw3CyD/x2ARePuXqrv5ODsJ4gRcnh7KWKyZkYTHS58Ll4vXPkPlKpyqQY0UX61eWDJSVK1VoYlKV/6kOxidky5rWIJbJQxgkmQpYqKfOFDK7jkJYz2wVIJEruuKs8ipLLl7MOigJOjwVNA7zXvGIBxrTCTszsiORBd1lCDUOii9ASihGM+3GQW19Pk01Luk7fg4z8II0QCy7udffx4Ev5rMxTnv+/5kpiA+8EcR+LVysl8bVzZDBH5rw2rP8ackjD1tJW3RWWPAHtAFteWEX root@ubuntu-bionic
-----END SSH HOST KEY KEYS-----
[   20.155616] cloud-init[1475]: Cloud-init v. 21.3-1-g6803368d-0ubuntu1~18.04.4 running 'modules:final' at Thu, 07 Apr 2022 21:56:42 +0000. Up 20.00 seconds.
[   20.156554] cloud-init[1475]: ci-info: no authorized SSH keys fingerprints found for user ubuntu.
[   20.157093] cloud-init[1475]: Cloud-init v. 21.3-1-g6803368d-0ubuntu1~18.04.4 finished at Thu, 07 Apr 2022 21:56:42 +0000. Datasource DataSourceNoCloud [seed=/dev/sdb][dsmode=net].  Up 20.14 seconds
[[0;32m  OK  [0m] Stopped Unattended Upgrades Shutdown.
         Stopping User Manager for UID 1000...
         Stopping Session 7 of user vagrant.
[[0;32m  OK  [0m] Stopped target Graphical Interface.
         Stopping Accounts Service...
[[0;32m  OK  [0m] Stopped target Cloud-init target.
[[0;32m  OK  [0m] Stopped target Host and Network Name Lookups.
[[0;32m  OK  [0m] Closed Load/Save RF Kill Switch Status /dev/rfkill Watch.
[[0;32m  OK  [0m] Stopped Execute cloud user/final scripts.
[[0;32m  OK  [0m] Stopped Apply the settings specified in cloud-config.
[[0;32m  OK  [0m] Stopped target Multi-User System.
         Stopping Deferred execution scheduler...
[[0;32m  OK  [0m] Stopped Wait until snapd is fully seeded.
         Stopping irqbalance daemon...
         Stopping Dispatcher daemon for systemd-networkd...
         Stopping D-Bus System Message Bus...
         Stopping OpenBSD Secure Shell server...
         Stopping LXD - container startup/shutdown...
         Stopping Regular background program processing daemon...
         Stopping System Logging Service...
[[0;32m  OK  [0m] Stopped target Cloud-config availability.
         Stopping vboxadd-service.service...
[[0;32m  OK  [0m] Stopped target Login Prompts.
         Stopping Getty on tty1...
         Stopping Serial Getty on ttyS0...
[[0;32m  OK  [0m] Stopped target Network is Online.
         Stopping LSB: Record successful boot for GRUB...
         Stopping FUSE filesystem for LXC...
         Stopping LSB: automatic crash report generation...
[[0;32m  OK  [0m] Stopped target Timers.
[[0;32m  OK  [0m] Stopped Message of the Day.
[[0;32m  OK  [0m] Stopped Daily apt upgrade and clean activities.
[[0;32m  OK  [0m] Stopped Daily Cleanup of Temporary Directories.
[[0;32m  OK  [0m] Stopped Discard unused blocks once a week.
[[0;32m  OK  [0m] Stopped Daily apt download activities.
[[0;32m  OK  [0m] Stopped target System Time Synchronized.
         Stopping Availability of block devices...
         Stopping Authorization Manager...
[[0;32m  OK  [0m] Stopped Ubuntu Advantage Timer for running repeated jobs.
[[0;32m  OK  [0m] Unmounted /var/lib/lxcfs.
[[0;32m  OK  [0m] Stopped Accounts Service.
[[0;32m  OK  [0m] Stopped Regular background program processing daemon.
[[0;32m  OK  [0m] Stopped irqbalance daemon.
[[0;32m  OK  [0m] Stopped Deferred execution scheduler.
[[0;32m  OK  [0m] Stopped System Logging Service.
[[0;32m  OK  [0m] Stopped Dispatcher daemon for systemd-networkd.
[[0;32m  OK  [0m] Stopped Serial Getty on ttyS0.
[[0;32m  OK  [0m] Stopped Getty on tty1.
[[0;32m  OK  [0m] Stopped OpenBSD Secure Shell server.
[[0;32m  OK  [0m] Stopped User Manager for UID 1000.
[[0;32m  OK  [0m] Stopped Session 7 of user vagrant.
[[0;32m  OK  [0m] Stopped D-Bus System Message Bus.
[[0;32m  OK  [0m] Removed slice User Slice of vagrant.
         Stopping Login Service...
[[0;32m  OK  [0m] Removed slice system-getty.slice.
         Stopping Permit User Sessions...
[[0;32m  OK  [0m] Removed slice system-serial\x2dgetty.slice.
[[0;32m  OK  [0m] Stopped Authorization Manager.
[[0;32m  OK  [0m] Stopped vboxadd-service.service.
[[0;32m  OK  [0m] Stopped Availability of block devices.
[[0;32m  OK  [0m] Stopped FUSE filesystem for LXC.
[[0;32m  OK  [0m] Stopped Permit User Sessions.
[[0;32m  OK  [0m] Stopped target Network.
         Stopping Network Name Resolution...
         Stopping vboxadd.service...
[[0;32m  OK  [0m] Stopped LXD - container startup/shutdown.
[[0;32m  OK  [0m] Stopped LSB: Record successful boot for GRUB.
[[0;32m  OK  [0m] Stopped Login Service.
[[0;32m  OK  [0m] Stopped Network Name Resolution.
[[0;32m  OK  [0m] Stopped LSB: automatic crash report generation.
[[0;32m  OK  [0m] Stopped target Remote File Systems.
[[0;32m  OK  [0m] Stopped target Remote File Systems (Pre).
[[0;32m  OK  [0m] Stopped target User and Group Name Lookups.
[[0;32m  OK  [0m] Stopped vboxadd.service.
[[0;32m  OK  [0m] Stopped target Basic System.
[[0;32m  OK  [0m] Stopped target Sockets.
[[0;32m  OK  [0m] Closed cloud-init hotplug hook socket.
[[0;32m  OK  [0m] Closed Syslog Socket.
[[0;32m  OK  [0m] Closed D-Bus System Message Bus Socket.
[[0;32m  OK  [0m] Closed Socket activation for snappy daemon.
[[0;32m  OK  [0m] Closed Open-iSCSI iscsid Socket.
[[0;32m  OK  [0m] Closed ACPID Listen Socket.
[[0;32m  OK  [0m] Closed UUID daemon activation socket.
[[0;32m  OK  [0m] Closed LXD - unix socket.
[[0;32m  OK  [0m] Stopped target Slices.
[[0;32m  OK  [0m] Removed slice User and Session Slice.
[[0;32m  OK  [0m] Stopped target Paths.
[[0;32m  OK  [0m] Stopped ACPI Events Check.
[[0;32m  OK  [0m] Stopped Trigger to poll for Ubuntu …(Only enabled on GCP LTS non-pro).
[[0;32m  OK  [0m] Stopped target System Initialization.
         Stopping Update UTMP about System Boot/Shutdown...
[[0;32m  OK  [0m] Stopped Initial cloud-init job (metadata service crawler).
[[0;32m  OK  [0m] Stopped Wait for Network to be Configured.
         Stopping Network Service...
[[0;32m  OK  [0m] Stopped Commit a transient machine-id on disk.
         Stopping Load/Save Random Seed...
[[0;32m  OK  [0m] Stopped target Local Encrypted Volumes.
[[0;32m  OK  [0m] Stopped Forward Password Requests to Wall Directory Watch.
[[0;32m  OK  [0m] Stopped Dispatch Password Requests to Console Directory Watch.
[[0;32m  OK  [0m] Stopped Update UTMP about System Boot/Shutdown.
[[0;32m  OK  [0m] Stopped Create Volatile Files and Directories.
[[0;32m  OK  [0m] Stopped target Local File Systems.
         Unmounting /run/user/1000...
[[0;32m  OK  [0m] Unmounted /run/user/1000.
[[0;32m  OK  [0m] Reached target Unmount All Filesystems.
[[0;32m  OK  [0m] Stopped target Swap.
[[0;32m  OK  [0m] Stopped target Local File Systems (Pre).
         Stopping Monitoring of LVM2 mirrors…ng dmeventd or progress polling...
[[0;32m  OK  [0m] Stopped Create Static Device Nodes in /dev.
[[0;32m  OK  [0m] Stopped Network Service.
[[0;32m  OK  [0m] Stopped Load/Save Random Seed.
[[0;32m  OK  [0m] Stopped Monitoring of LVM2 mirrors,…sing dmeventd or progress polling.
         Stopping LVM2 metadata daemon...
[[0;32m  OK  [0m] Stopped Apply Kernel Variables.
[[0;32m  OK  [0m] Stopped Load Kernel Modules.
[[0;32m  OK  [0m] Stopped target Network (Pre).
[[0;32m  OK  [0m] Stopped Initial cloud-init job (pre-networking).
[[0;32m  OK  [0m] Stopped Remount Root and Kernel File Systems.
[[0;32m  OK  [0m] Reached target Shutdown.
[[0;32m  OK  [0m] Reached target Final Step.
         Starting Power-Off...
[[0;32m  OK  [0m] Stopped LVM2 metadata daemon.
[ 1293.365343] reboot: Power down
